NETBEGIN 1
CLUBEGIN 1
PERBEGIN 1
CLSBEGIN 1
HIEBEGIN 1
VECBEGIN 1
N 1 SCALEF  [2 1 50 999999999 2 6.00000 0.99000 0.49000 0.49000] (50)
N 1 WN "/Users/vincenttso/Downloads/generation\graphs\SM_SCALEF_0.net" 0 (50)
N 2 SCALEF  [2 1 50 999999999 2 6.00000 0.99000 0.49000 0.49000] (50)
N 2 WN "/Users/vincenttso/Downloads/generation\graphs\SM_SCALEF_1.net" 0 (50)
N 3 SCALEF  [2 1 50 999999999 2 6.00000 0.99000 0.49000 0.49000] (50)
N 3 WN "/Users/vincenttso/Downloads/generation\graphs\SM_SCALEF_2.net" 0 (50)
N 4 SCALEF  [2 1 50 999999999 2 10.00000 0.99000 0.49000 0.49000] (50)
N 4 WN "/Users/vincenttso/Downloads/generation\graphs\SL_SCALEF_0.net" 0 (50)
N 5 SCALEF  [2 1 50 999999999 2 10.00000 0.99000 0.49000 0.49000] (50)
N 5 WN "/Users/vincenttso/Downloads/generation\graphs\SL_SCALEF_1.net" 0 (50)
N 6 SCALEF  [2 1 50 999999999 2 10.00000 0.99000 0.49000 0.49000] (50)
N 6 WN "/Users/vincenttso/Downloads/generation\graphs\SL_SCALEF_2.net" 0 (50)
N 7 SCALEF  [2 1 200 999999999 2 6.00000 0.99000 0.49000 0.49000] (200)
N 7 WN "/Users/vincenttso/Downloads/generation\graphs\MM_SCALEF_0.net" 0 (200)
N 8 SCALEF  [2 1 200 999999999 2 6.00000 0.99000 0.49000 0.49000] (200)
N 8 WN "/Users/vincenttso/Downloads/generation\graphs\MM_SCALEF_1.net" 0 (200)
N 9 SCALEF  [2 1 200 999999999 2 6.00000 0.99000 0.49000 0.49000] (200)
N 9 WN "/Users/vincenttso/Downloads/generation\graphs\MM_SCALEF_2.net" 0 (200)
N 10 SCALEF  [2 1 200 999999999 2 10.00000 0.99000 0.49000 0.49000] (200)
N 10 WN "/Users/vincenttso/Downloads/generation\graphs\ML_SCALEF_0.net" 0 (200)
N 11 SCALEF  [2 1 200 999999999 2 10.00000 0.99000 0.49000 0.49000] (200)
N 11 WN "/Users/vincenttso/Downloads/generation\graphs\ML_SCALEF_1.net" 0 (200)
N 12 SCALEF  [2 1 200 999999999 2 10.00000 0.99000 0.49000 0.49000] (200)
N 12 WN "/Users/vincenttso/Downloads/generation\graphs\ML_SCALEF_2.net" 0 (200)
N 13 SCALEF  [2 1 1000 999999999 2 6.00000 0.99000 0.49000 0.49000] (1000)
N 13 WN "/Users/vincenttso/Downloads/generation\graphs\LM_SCALEF_0.net" 0 (1000)
N 14 SCALEF  [2 1 1000 999999999 2 6.00000 0.99000 0.49000 0.49000] (1000)
N 14 WN "/Users/vincenttso/Downloads/generation\graphs\LM_SCALEF_1.net" 0 (1000)
N 15 SCALEF  [2 1 1000 999999999 2 6.00000 0.99000 0.49000 0.49000] (1000)
N 15 WN "/Users/vincenttso/Downloads/generation\graphs\LM_SCALEF_2.net" 0 (1000)
N 16 SCALEF  [2 1 1000 999999999 2 10.00000 0.99000 0.49000 0.49000] (1000)
N 16 WN "/Users/vincenttso/Downloads/generation\graphs\LL_SCALEF_0.net" 0 (1000)
N 17 SCALEF  [2 1 1000 999999999 2 10.00000 0.99000 0.49000 0.49000] (1000)
N 17 WN "/Users/vincenttso/Downloads/generation\graphs\LL_SCALEF_1.net" 0 (1000)
N 18 SCALEF  [2 1 1000 999999999 2 10.00000 0.99000 0.49000 0.49000] (1000)
N 18 WN "/Users/vincenttso/Downloads/generation\graphs\LL_SCALEF_2.net" 0 (1000)
